<?xml version="1.0" encoding="UTF-8"?>
<testng-results ignored="0" total="1" passed="1" failed="0" skipped="0">
  <reporter-output>
  </reporter-output>
  <suite started-at="2023-09-24T06:58:21 EET" name="Default suite" finished-at="2023-09-24T06:58:25 EET" duration-ms="3070">
    <groups>
    </groups>
    <test started-at="2023-09-24T06:58:21 EET" name="Default test" finished-at="2023-09-24T06:58:25 EET" duration-ms="3070">
      <class name="tests.AlmosaferTask">
        <test-method signature="engimaHotelSearch()[pri:0, instance:tests.AlmosaferTask@3abada5a]" started-at="2023-09-24T06:58:22 EET" name="engimaHotelSearch" finished-at="2023-09-24T06:58:25 EET" duration-ms="3016" status="PASS">
          <reporter-output>
          </reporter-output>
        </test-method> <!-- engimaHotelSearch -->
      </class> <!-- tests.AlmosaferTask -->
    </test> <!-- Default test -->
  </suite> <!-- Default suite -->
</testng-results>
