<?xml version="1.0" encoding="UTF-8"?>
<!-- Generated by org.testng.reporters.JUnitXMLReporter -->
<testsuite ignored="1" hostname="mohammeds-mbp.home" failures="0" tests="1" name="Default test" time="3.07" errors="0" timestamp="2023-09-24T06:58:25 EET">
  <testcase classname="tests.AlmosaferTask" name="engimaHotelSearch" time="3.016"/>
  <testcase classname="tests.AlmosaferTask" name="searchFlight" time="0.0">
    <ignored/>
  </testcase> <!-- searchFlight -->
</testsuite> <!-- Default test -->
